<?xml version="1.0" encoding="UTF-8"?>
<!-- Generated by org.testng.reporters.JUnitReportReporter -->
<testsuite hostname="Anusuya" failures="0" tests="1" name="FollowAutomation" time="17.379" errors="0" timestamp="2023-10-14T17:03:58 IST" skipped="0">
  <testcase classname="FollowAutomation" name="followAutomation" time="17.379"/>
</testsuite> <!-- FollowAutomation -->
